<?xml version="1.0" encoding="UTF-8"?>
<testsuite name="org.transmartproject.core.concept.ConceptFullNameTests" tests="3" skipped="0" failures="0" errors="0" timestamp="2016-08-25T14:36:13" hostname="Piotrs-MacBook-Pro.local" time="0.203">
  <properties/>
  <testcase name="basicTest" classname="org.transmartproject.core.concept.ConceptFullNameTests" time="0.17"/>
  <testcase name="testBadPaths" classname="org.transmartproject.core.concept.ConceptFullNameTests" time="0.029"/>
  <testcase name="trailingSlashIsOptional" classname="org.transmartproject.core.concept.ConceptFullNameTests" time="0.003"/>
  <system-out><![CDATA[]]></system-out>
  <system-err><![CDATA[]]></system-err>
</testsuite>
